2026-07-20 15:19:10 [INFO   ] musicsync | DirBar: 开始比对 — 源(phone): /sdcard/Music/李荣浩 → 目的(pc): E:\mytestmusic2
2026-07-20 15:19:10 [DEBUG  ] musicsync | MainWindow: 状态 → scanning
2026-07-20 15:19:10 [INFO   ] musicsync | ScanWorker: 开始扫描源端 /sdcard/Music/李荣浩
2026-07-20 15:19:11 [INFO   ] musicsync | ScanWorker: 开始扫描目的端 E:\mytestmusic2
2026-07-20 15:19:11 [INFO   ] musicsync | ScanWorker: 扫描完成 — 源端 5 文件, 目的端 0 文件, 跳过 0
2026-07-20 15:19:11 [INFO   ] musicsync | CompareWorker: 比对完成 — 5 项差异
2026-07-20 15:19:11 [DEBUG  ] musicsync | MainWindow: 状态 → reviewing
2026-07-20 15:19:17 [DEBUG  ] musicsync | MainWindow: 状态 → executing
2026-07-20 15:19:19 [INFO   ] musicsync | ExecuteWorker: 完成 — 0 成功 / 5 失败 / 0 跳过
2026-07-20 15:19:20 [DEBUG  ] musicsync | MainWindow: 状态 → scanning
2026-07-20 15:19:20 [INFO   ] musicsync | ScanWorker: 开始扫描源端 /sdcard/Music/李荣浩
2026-07-20 15:19:20 [INFO   ] musicsync | ScanWorker: 开始扫描目的端 E:\mytestmusic2
2026-07-20 15:19:20 [INFO   ] musicsync | ScanWorker: 扫描完成 — 源端 5 文件, 目的端 0 文件, 跳过 0
2026-07-20 15:19:20 [INFO   ] musicsync | CompareWorker: 比对完成 — 5 项差异
2026-07-20 15:19:20 [DEBUG  ] musicsync | MainWindow: 状态 → reviewing
2026-07-20 15:22:12 [DEBUG  ] musicsync | MainWindow: 状态 → executing
2026-07-20 15:22:14 [INFO   ] musicsync | ExecuteWorker: 完成 — 0 成功 / 5 失败 / 0 跳过
2026-07-20 15:22:16 [DEBUG  ] musicsync | MainWindow: 状态 → scanning
2026-07-20 15:22:16 [INFO   ] musicsync | ScanWorker: 开始扫描源端 /sdcard/Music/李荣浩
2026-07-20 15:22:17 [INFO   ] musicsync | ScanWorker: 开始扫描目的端 E:\mytestmusic2
2026-07-20 15:22:17 [INFO   ] musicsync | ScanWorker: 扫描完成 — 源端 5 文件, 目的端 0 文件, 跳过 0
2026-07-20 15:22:17 [INFO   ] musicsync | CompareWorker: 比对完成 — 5 项差异
2026-07-20 15:22:17 [DEBUG  ] musicsync | MainWindow: 状态 → reviewing
